2018-03-07 17:21:52 INFO  Controller:27 - Enter a Task : Login	viewbalance	depositorwithdraw	register	viewall	logout
2018-03-07 17:22:24 INFO  Controller:27 - Enter a Task : Login
	viewbalance	depositorwithdraw	register	viewall	logout
2018-03-07 17:22:38 INFO  Controller:27 - Enter a Task : Login
	viewbalance
	depositorwithdraw	register	viewall	logout
2018-03-07 17:22:55 INFO  Controller:27 - Enter a Task :
 Login
	viewbalance
	depositorwithdraw	register	viewall	logout
2018-03-07 17:23:03 INFO  Controller:27 - Enter a Task :
	 Login
	viewbalance
	depositorwithdraw	register	viewall	logout
2018-03-07 17:23:24 INFO  Controller:27 - Enter a Task :
	 Login
	viewbalance
	depositorwithdraw
	register
	viewall
	logout
2018-03-07 17:24:33 INFO  Controller:26 - Enter a Task :
	 Login
	viewbalance
	depositorwithdraw
	register
	viewall
	logout
2018-03-07 17:25:09 INFO  Controller:28 - Enter a Task :
	 Login
	viewbalance
	depositorwithdraw
	register
	viewall
	logout
2018-03-07 17:49:02 INFO  Controller:26 - Enter a Task :
	 Login
	viewbalance
	depositorwithdraw
	register
	viewall
	logout
2018-03-07 17:49:08 INFO  ConnectionUtil:28 - Login successfully
2018-03-07 17:50:07 INFO  Controller:26 - Enter a Task :
	 Login
	viewbalance
	depositorwithdraw
	register
	viewall
	logout
2018-03-07 17:50:23 INFO  Controller:26 - Enter a Task :
	 Login
	viewbalance
	depositorwithdraw
	register
	viewall
	logout
2018-03-07 17:50:26 INFO  Controller:51 - Successfully Logout
2018-03-07 18:26:47 INFO  Controller:28 - Enter a Task :
	 Login
	viewbalance
	depositorwithdraw
	register
	viewall
	logout
2018-03-07 18:26:49 INFO  Controller:57 - Invalid Input
2018-03-07 18:27:03 INFO  Controller:28 - Enter a Task :
	 Login
	viewbalance
	depositorwithdraw
	register
	viewall
	logout
2018-03-07 18:27:08 INFO  ConnectionUtil:30 - Login successfully
2018-03-07 21:48:40 INFO  ConnectionUtil:30 - Login successfully
2018-03-07 21:48:40 INFO  Controller:31 - Enter a Task :
	 Login
	viewbalance
	depositorwithdraw
	register
	viewall
	logout
2018-03-07 21:57:11 INFO  ConnectionUtil:30 - Login successfully
2018-03-07 21:57:11 INFO  Controller:34 - Enter a Task :
	 Login
	viewbalance
	depositorwithdraw
	register
	viewall
	logout
2018-03-07 21:57:47 INFO  ConnectionUtil:30 - Login successfully
2018-03-07 21:57:47 INFO  Controller:34 - Enter a Task :
	 Login
	viewbalance
	depositorwithdraw
	register
	viewall
	logout
2018-03-07 21:58:04 INFO  ConnectionUtil:30 - Login successfully
2018-03-07 21:58:04 INFO  Controller:34 - Enter a Task :
	 Login
	viewbalance
	depositorwithdraw
	register
	viewall
	logout
2018-03-07 21:58:45 INFO  ConnectionUtil:30 - Login successfully
2018-03-07 21:58:45 INFO  Controller:34 - Enter a Task :
	 Login
	viewbalance
	depositorwithdraw
	register
	viewall
	logout
2018-03-07 21:59:02 INFO  ConnectionUtil:30 - Login successfully
2018-03-07 21:59:02 INFO  Controller:34 - Enter a Task :
	 Login
	viewbalance
	depositorwithdraw
	register
	viewall
	logout
2018-03-07 21:59:52 INFO  ConnectionUtil:30 - Login successfully
2018-03-07 21:59:52 INFO  Controller:34 - Enter a Task :
	 Login
	viewbalance
	depositorwithdraw
	register
	viewall
	logout
2018-03-07 22:01:02 INFO  ConnectionUtil:30 - Login successfully
2018-03-07 22:01:02 INFO  Controller:34 - Enter a Task :
	 Login
	viewbalance
	depositorwithdraw
	register
	viewall
	logout
2018-03-07 22:03:06 INFO  ConnectionUtil:32 - Something wrong
2018-03-07 22:03:06 INFO  Controller:34 - Enter a Task :
	 Login
	viewbalance
	depositorwithdraw
	register
	viewall
	logout
2018-03-07 22:04:36 INFO  ConnectionUtil:30 - Login successfully
2018-03-07 22:04:36 INFO  Controller:34 - Enter a Task :
	 Login
	viewbalance
	depositorwithdraw
	register
	viewall
	logout
2018-03-07 22:06:50 INFO  ConnectionUtil:30 - Login successfully
2018-03-07 22:06:50 INFO  Controller:34 - Enter a Task :
	 Login
	viewbalance
	depositorwithdraw
	register
	viewall
	logout
2018-03-07 22:08:53 INFO  ConnectionUtil:30 - Login successfully
2018-03-07 22:08:53 INFO  Controller:34 - Enter a Task :
	 Login
	viewbalance
	depositorwithdraw
	register
	viewall
	logout
2018-03-07 22:15:22 INFO  ConnectionUtil:30 - Login successfully
2018-03-07 22:15:22 INFO  Controller:34 - Enter a Task :
	 Login
	viewbalance
	depositorwithdraw
	register
	viewall
	logout
2018-03-07 22:15:53 INFO  ConnectionUtil:30 - Login successfully
2018-03-07 22:15:53 INFO  Controller:34 - Enter a Task :
	 Login
	viewbalance
	depositorwithdraw
	register
	viewall
	logout
2018-03-07 22:16:28 INFO  ConnectionUtil:30 - Login successfully
2018-03-07 22:16:28 INFO  Controller:34 - Enter a Task :
	 Login
	viewbalance
	depositorwithdraw
	register
	viewall
	logout
2018-03-07 22:16:29 INFO  Controller:65 - Invalid Input
2018-03-07 22:16:34 INFO  Controller:65 - Invalid Input
2018-03-07 22:16:35 INFO  Controller:65 - Invalid Input
2018-03-07 22:17:57 INFO  ConnectionUtil:30 - Login successfully
2018-03-07 22:17:57 INFO  Controller:34 - Enter a Task :
	 Login
	viewbalance
	depositorwithdraw
	register
	viewall
	logout
2018-03-07 22:31:50 INFO  ConnectionUtil:30 - Login successfully
2018-03-07 22:31:50 INFO  Controller:34 - Enter a Task :
	 Login
	viewbalance
	depositorwithdraw
	register
	viewall
	logout
2018-03-07 22:36:17 INFO  ConnectionUtil:30 - Login successfully
2018-03-07 22:36:17 INFO  Controller:34 - Enter a Task :
	 Login
	viewbalance
	depositorwithdraw
	register
	viewall
	logout
2018-03-07 22:37:11 INFO  ConnectionUtil:30 - Login successfully
2018-03-07 22:37:11 INFO  Controller:34 - Enter a Task :
	 Login
	viewbalance
	depositorwithdraw
	register
	viewall
	logout
2018-03-07 22:39:04 INFO  ConnectionUtil:30 - Login successfully
2018-03-07 22:39:04 INFO  Controller:34 - Enter a Task :
	 Login
	viewbalance
	depositorwithdraw
	register
	viewall
	logout
2018-03-07 22:41:10 INFO  ConnectionUtil:30 - Login successfully
2018-03-07 22:41:10 INFO  Controller:34 - Enter a Task :
	 Login
	viewbalance
	depositorwithdraw
	register
	viewall
	logout
2018-03-07 22:41:36 INFO  BankCustomerDao:63 - New customer registered 
2018-03-07 22:46:19 INFO  Controller:61 - Successfully Logout
2018-03-08 12:51:35 INFO  ConnectionUtil:30 - Login successfully
2018-03-08 12:51:35 INFO  Controller:34 - Enter a Task :
	 Login
	viewbalance
	depositorwithdraw
	register
	viewall
	logout
2018-03-08 12:51:47 INFO  Controller:77 - Enter what type of transcation you want to perform
Withdraw	Deposit
2018-03-08 12:54:24 INFO  ConnectionUtil:30 - Login successfully
2018-03-08 12:54:24 INFO  Controller:34 - Enter a Task :
	 Login
	viewbalance
	depositorwithdraw
	register
	viewall
	logout
2018-03-08 12:54:28 INFO  Controller:77 - Enter what type of transcation you want to perform
Withdraw	Deposit
2018-03-08 12:54:34 INFO  Controller:65 - Invalid Input
2018-03-08 12:54:42 INFO  ConnectionUtil:30 - Login successfully
2018-03-08 12:54:42 INFO  Controller:34 - Enter a Task :
	 Login
	viewbalance
	depositorwithdraw
	register
	viewall
	logout
2018-03-08 12:54:45 INFO  Controller:77 - Enter what type of transcation you want to perform
Withdraw	Deposit
2018-03-08 12:56:43 INFO  ConnectionUtil:30 - Login successfully
2018-03-08 12:56:43 INFO  Controller:34 - Enter a Task :
	 Login
	viewbalance
	depositorwithdraw
	register
	viewall
	logout
2018-03-08 12:56:46 INFO  Controller:77 - Enter what type of transcation you want to perform
Withdraw	Deposit
2018-03-08 12:58:23 INFO  ConnectionUtil:30 - Login successfully
2018-03-08 12:58:23 INFO  Controller:34 - Enter a Task :
	 Login
	viewbalance
	depositorwithdraw
	register
	viewall
	logout
2018-03-08 12:59:08 INFO  ConnectionUtil:30 - Login successfully
2018-03-08 12:59:08 INFO  Controller:34 - Enter a Task :
	 Login
	viewbalance
	depositorwithdraw
	register
	viewall
	logout
2018-03-08 12:59:15 INFO  Controller:78 - Enter what type of transcation you want to perform
Withdraw	Deposit
2018-03-08 12:59:47 INFO  Controller:61 - Successfully Logout
2018-03-08 12:59:54 INFO  ConnectionUtil:30 - Login successfully
2018-03-08 12:59:54 INFO  Controller:34 - Enter a Task :
	 Login
	viewbalance
	depositorwithdraw
	register
	viewall
	logout
2018-03-08 12:59:57 INFO  Controller:78 - Enter what type of transcation you want to perform
Withdraw	Deposit
2018-03-08 13:01:02 INFO  ConnectionUtil:30 - Login successfully
2018-03-08 13:01:02 INFO  Controller:34 - Enter a Task :
	 Login
	viewbalance
	depositorwithdraw
	register
	viewall
	logout
2018-03-08 13:01:04 INFO  Controller:78 - Enter what type of transcation you want to perform
Withdraw	Deposit
2018-03-09 11:12:50 INFO  ConnectionUtil:30 - Login successfully
2018-03-09 11:12:51 INFO  Controller:35 - Enter a Task :
	 Login
	viewbalance
	depositorwithdraw
	register
	viewall
	logout
2018-03-09 11:14:38 INFO  Controller:79 - Enter what type of transcation you want to perform
Withdraw	Deposit
2018-03-09 11:23:40 INFO  ConnectionUtil:30 - Login successfully
2018-03-09 11:23:40 INFO  Controller:35 - Enter a Task :
	 Login
	viewbalance
	depositorwithdraw
	register
	viewall
	logout
2018-03-09 11:23:58 INFO  Controller:40 - Enter your name
2018-03-09 11:24:04 INFO  Controller:40 - Enter your name
2018-03-09 11:24:19 INFO  Controller:68 - Invalid Input
2018-03-09 11:24:19 INFO  Controller:40 - Enter your name
2018-03-09 11:24:52 INFO  ConnectionUtil:30 - Login successfully
2018-03-09 11:24:52 INFO  Controller:35 - Enter a Task :
	 Login
	viewbalance
	depositorwithdraw
	register
	viewall
	logout
2018-03-09 11:25:01 INFO  Controller:40 - Enter your name
2018-03-09 11:25:20 INFO  Controller:40 - Enter your name
2018-03-09 11:25:21 INFO  Controller:68 - Invalid Input
2018-03-09 11:25:21 INFO  Controller:40 - Enter your name
2018-03-09 11:26:24 INFO  ConnectionUtil:30 - Login successfully
2018-03-09 11:26:24 INFO  Controller:35 - Enter a Task :
	 Login
	viewbalance
	depositorwithdraw
	register
	viewall
	logout
2018-03-09 11:26:41 INFO  Controller:45 - Enter your name
2018-03-09 16:02:22 INFO  ConnectionUtil:30 - Login successfully
2018-03-09 16:02:22 INFO  Controller:33 - Enter you first name
2018-03-09 16:02:30 INFO  Controller:35 - Enter you last name
2018-03-09 16:03:13 INFO  Controller:40 - login succefully
2018-03-09 16:03:13 INFO  Controller:52 - Enter a Task :
	 viewbalance
	depositorwithdraw
	register
	viewall
2018-03-09 16:03:13 INFO  Controller:79 - Invalid Input
2018-03-09 16:04:42 INFO  ConnectionUtil:30 - Login successfully
2018-03-09 16:04:42 INFO  Controller:33 - Enter you first name
2018-03-09 16:20:07 INFO  ConnectionUtil:30 - Login successfully
2018-03-09 16:20:07 INFO  Controller:33 - Enter you first name
2018-03-09 16:20:11 INFO  Controller:35 - Enter you last name
2018-03-09 16:20:13 INFO  Controller:37 - Login or LogOut
2018-03-09 16:20:18 INFO  Controller:41 - login succefully
2018-03-09 16:20:18 INFO  Controller:53 - Enter a Task :
	 viewbalance
	depositorwithdraw
	register
	viewall
2018-03-09 16:20:18 INFO  Controller:80 - Invalid Input
2018-03-09 16:20:26 INFO  Controller:125 - 5000.0
2018-03-09 19:57:23 INFO  ConnectionUtil:30 - DataBase Connection successfully
2018-03-09 19:57:23 INFO  Controller:24 - Enter you first name
2018-03-09 19:57:28 INFO  Controller:26 - Enter you last name
2018-03-09 19:57:31 INFO  Controller:28 - Login or LogOut
2018-03-09 19:57:41 INFO  ConnectionUtil:30 - DataBase Connection successfully
2018-03-09 19:57:41 INFO  Controller:24 - Enter you first name
2018-03-09 19:57:44 INFO  Controller:26 - Enter you last name
2018-03-09 19:57:46 INFO  Controller:28 - Login or LogOut
2018-03-09 19:57:49 INFO  Controller:32 - login succefully
2018-03-09 19:57:49 INFO  Controller:44 - 
	Enter a Task :
	 Viewbalance
	DepositOrWithdraw
	Register
	ViewAll
2018-03-09 19:57:49 INFO  Controller:71 - Invalid Input
2018-03-09 19:58:04 INFO  Controller:82 - Enter what type of transcation you want to perform
Withdraw	Deposit
2018-03-09 19:58:32 INFO  Controller:71 - Invalid Input
2018-03-09 19:59:00 INFO  Controller:71 - Invalid Input
2018-03-09 19:59:04 INFO  Controller:71 - Invalid Input
2018-03-09 19:59:37 INFO  Controller:71 - Invalid Input
2018-03-09 20:01:55 INFO  ConnectionUtil:30 - DataBase Connection successfully
2018-03-09 20:01:55 INFO  Controller:24 - Enter you first name
2018-03-09 20:02:01 INFO  Controller:26 - Enter you last name
2018-03-09 20:02:04 INFO  Controller:28 - Login or LogOut
2018-03-09 20:02:08 INFO  Controller:32 - login succefully
2018-03-09 20:02:08 INFO  Controller:41 - 
	Enter a Task :
	 Viewbalance
	DepositOrWithdraw
	Register
	ViewAll
2018-03-09 20:02:08 INFO  Controller:69 - Invalid Input
2018-03-09 20:02:35 INFO  Controller:80 - Enter what type of transcation you want to perform
Withdraw	Deposit
2018-03-09 20:02:42 INFO  Controller:69 - Invalid Input
2018-03-09 20:03:45 INFO  ConnectionUtil:30 - DataBase Connection successfully
2018-03-09 20:03:45 INFO  Controller:24 - Enter you first name
2018-03-09 20:03:47 INFO  Controller:26 - Enter you last name
2018-03-09 20:03:48 INFO  Controller:28 - Login or LogOut
2018-03-09 20:03:52 INFO  Controller:32 - login succefully
2018-03-09 20:03:52 INFO  Controller:41 - 
	Enter a Task :
	 Viewbalance
	DepositOrWithdraw
	Register
	ViewAll
2018-03-09 20:03:56 INFO  Controller:81 - Enter what type of transcation you want to perform
Withdraw	Deposit
2018-03-09 20:05:27 INFO  Controller:65 - You are logging out 
2018-03-09 21:08:37 INFO  ConnectionUtil:30 - DataBase Connection successfully
2018-03-09 21:08:37 INFO  Controller:22 - Enter you first name
2018-03-09 21:08:43 INFO  Controller:24 - Enter you last name
2018-03-09 21:08:51 INFO  ConnectionUtil:30 - DataBase Connection successfully
2018-03-09 21:08:51 INFO  Controller:22 - Enter you first name
2018-03-09 21:08:54 INFO  Controller:24 - Enter you last name
2018-03-09 21:08:56 INFO  Controller:26 - Login or LogOut
2018-03-09 21:08:59 INFO  Controller:30 - login succefully
2018-03-09 21:08:59 INFO  Controller:39 - 
	Enter a Task :
	 Viewbalance
	DepositOrWithdraw
	Register
	ViewAll
2018-03-09 21:09:08 INFO  Controller:77 - Enter what type of transcation you want to perform
Withdraw	Deposit
2018-03-09 21:09:16 INFO  Controller:97 - deposit successfully
2018-03-09 21:09:35 INFO  Controller:77 - Enter what type of transcation you want to perform
Withdraw	Deposit
2018-03-09 21:09:43 INFO  Controller:109 - withdraw successfully
2018-03-09 21:09:54 INFO  Controller:150 - Deposit  Amount :1000.0
2018-03-09 21:09:54 INFO  Controller:150 - Withdraw  Amount :500.0
2018-03-09 21:11:41 INFO  Controller:63 - You are logging out 
2018-03-09 21:47:24 INFO  ConnectionUtil:30 - DataBase Connection successfully
2018-03-09 21:47:24 INFO  Controller:22 - Enter you first name
2018-03-09 21:47:51 INFO  Controller:24 - Enter you last name
2018-03-09 21:47:52 INFO  Controller:26 - Login or LogOut
2018-03-09 21:47:59 INFO  ConnectionUtil:30 - DataBase Connection successfully
2018-03-09 21:47:59 INFO  Controller:22 - Enter you first name
2018-03-09 21:48:03 INFO  Controller:24 - Enter you last name
2018-03-09 21:48:05 INFO  Controller:26 - Login or LogOut
2018-03-09 21:48:09 INFO  Controller:30 - login succefully
2018-03-09 21:48:09 INFO  Controller:37 - 
	Enter a Task :
	 Viewbalance
	DepositOrWithdraw
	Register
	ViewAllTransaction
	LogOut
2018-03-09 21:48:52 INFO  ConnectionUtil:30 - DataBase Connection successfully
2018-03-09 21:48:52 INFO  Controller:22 - Enter you first name
2018-03-09 21:48:57 INFO  Controller:24 - Enter you last name
2018-03-09 21:48:58 INFO  Controller:26 - Login or LogOut
2018-03-09 21:49:12 INFO  Controller:30 - login succefully
2018-03-09 21:49:12 INFO  Controller:37 - 
	Enter a Task :
	 Viewbalance
	DepositOrWithdraw
	Register
	ViewAllTransaction
	LogOut
2018-03-09 21:49:58 INFO  BankCustomerDao:101 - New customer registered 
2018-03-09 22:03:00 INFO  ConnectionUtil:30 - DataBase Connection successfully
2018-03-09 22:03:00 INFO  Controller:23 - Enter you first name
2018-03-09 22:03:03 INFO  Controller:25 - Enter you last name
2018-03-09 22:03:04 INFO  Controller:27 - Login or LogOut
2018-03-09 22:03:06 INFO  Controller:31 - login succefully
2018-03-09 22:03:06 INFO  Controller:38 - 
	Enter a Task :
	 Viewbalance
	DepositOrWithdraw
	Register
	ViewAllTransaction
	LogOut
2018-03-09 22:03:12 INFO  Controller:76 - Enter what type of transcation you want to perform
Withdraw	Deposit
2018-03-09 22:03:27 INFO  Controller:114 - withdraw successfully
2018-03-09 22:04:42 INFO  ConnectionUtil:30 - DataBase Connection successfully
2018-03-09 22:04:42 INFO  Controller:23 - Enter you first name
2018-03-09 22:04:45 INFO  Controller:25 - Enter you last name
2018-03-09 22:04:46 INFO  Controller:27 - Login or LogOut
2018-03-09 22:04:48 INFO  Controller:31 - login succefully
2018-03-09 22:04:48 INFO  Controller:38 - 
	Enter a Task :
	 Viewbalance
	DepositOrWithdraw
	Register
	ViewAllTransaction
	LogOut
2018-03-09 22:04:53 INFO  Controller:76 - Enter what type of transcation you want to perform
Withdraw	Deposit
2018-03-09 22:04:57 INFO  Controller:100 - deposit successfully
2018-03-09 22:05:04 INFO  Controller:76 - Enter what type of transcation you want to perform
Withdraw	Deposit
2018-03-09 22:07:30 INFO  Controller:62 - You are logging out 
2018-03-11 23:00:30 INFO  ConnectionUtil:30 - DataBase Connection successfully
2018-03-11 23:00:31 INFO  Controller:22 - Enter you first name
2018-03-11 23:00:41 INFO  Controller:24 - Enter you last name
2018-03-11 23:00:43 INFO  Controller:26 - Login or LogOut
2018-03-11 23:00:46 INFO  Controller:30 - login succefully
2018-03-11 23:00:46 INFO  Controller:37 - 
	What operation you want to perform:
	Viewbalance
	DepositOrWithdraw
	Register
	ViewAllTransaction
	LogOut
2018-03-11 23:00:53 INFO  Controller:122 - Enter Your ID
2018-03-11 23:01:00 INFO  Controller:124 - Enter Your firstName
2018-03-11 23:01:05 INFO  Controller:126 - Enter Your LastName
2018-03-11 23:01:53 INFO  Controller:128 - GENDER
2018-03-11 23:01:58 INFO  Controller:130 - Date Of Birth
2018-03-11 23:02:23 INFO  Controller:132 - How much do you want to put in your account
2018-03-11 23:02:29 ERROR BankCustomerDao:105 - registration fails java.sql.SQLSyntaxErrorException: ORA-00947: not enough values

2018-03-11 23:05:50 INFO  Controller:122 - Enter Your ID
2018-03-11 23:06:01 INFO  ConnectionUtil:30 - DataBase Connection successfully
2018-03-11 23:06:01 INFO  Controller:22 - Enter you first name
2018-03-11 23:06:05 INFO  Controller:24 - Enter you last name
2018-03-11 23:06:11 INFO  ConnectionUtil:30 - DataBase Connection successfully
2018-03-11 23:06:11 INFO  Controller:22 - Enter you first name
2018-03-11 23:06:14 INFO  Controller:24 - Enter you last name
2018-03-11 23:06:15 INFO  Controller:26 - Login or LogOut
2018-03-11 23:06:19 INFO  Controller:30 - login succefully
2018-03-11 23:06:19 INFO  Controller:37 - 
	What operation you want to perform:
	Viewbalance
	DepositOrWithdraw
	Register
	ViewAllTransaction
	LogOut
2018-03-11 23:06:22 INFO  Controller:124 - Enter Your firstName
2018-03-11 23:06:27 INFO  Controller:126 - Enter Your LastName
2018-03-11 23:06:31 INFO  Controller:128 - GENDER
2018-03-11 23:06:33 INFO  Controller:130 - Date Of Birth
2018-03-11 23:06:43 INFO  Controller:132 - How much do you want to put in your account
2018-03-11 23:06:46 ERROR BankCustomerDao:105 - registration fails java.sql.SQLSyntaxErrorException: ORA-00947: not enough values

2018-03-11 23:08:04 INFO  ConnectionUtil:30 - DataBase Connection successfully
2018-03-11 23:08:04 INFO  Controller:22 - Enter you first name
2018-03-11 23:08:06 INFO  Controller:24 - Enter you last name
2018-03-11 23:08:09 INFO  Controller:26 - Login or LogOut
2018-03-11 23:08:11 INFO  Controller:30 - login succefully
2018-03-11 23:08:11 INFO  Controller:37 - 
	What operation you want to perform:
	Viewbalance
	DepositOrWithdraw
	Register
	ViewAllTransaction
	LogOut
2018-03-11 23:08:15 INFO  Controller:124 - Enter Your firstName
2018-03-11 23:08:18 INFO  Controller:126 - Enter Your LastName
2018-03-11 23:08:22 INFO  Controller:128 - GENDER
2018-03-11 23:08:24 INFO  Controller:130 - Date Of Birth
2018-03-11 23:08:30 INFO  Controller:132 - How much do you want to put in your account
2018-03-11 23:08:32 ERROR BankCustomerDao:105 - registration fails java.sql.SQLIntegrityConstraintViolationException: ORA-00001: unique constraint (BANKCUSTOMER.PK_CELEBRITY) violated

2018-03-11 23:18:48 INFO  ConnectionUtil:30 - DataBase Connection successfully
2018-03-11 23:18:48 INFO  Controller:22 - Enter you first name
2018-03-11 23:18:51 INFO  Controller:24 - Enter you last name
2018-03-11 23:18:52 INFO  Controller:26 - Login or LogOut
2018-03-11 23:18:56 INFO  Controller:30 - login succefully
2018-03-11 23:18:56 INFO  Controller:37 - 
	What operation you want to perform:
	Viewbalance
	DepositOrWithdraw
	Register
	ViewAllTransaction
	LogOut
2018-03-11 23:18:58 INFO  Controller:124 - Enter Your firstName
2018-03-11 23:19:03 INFO  Controller:126 - Enter Your LastName
2018-03-11 23:19:06 INFO  Controller:128 - GENDER
2018-03-11 23:19:08 INFO  Controller:130 - Date Of Birth
2018-03-11 23:19:14 INFO  Controller:132 - How much do you want to put in your account
2018-03-11 23:19:16 INFO  BankCustomerDao:101 - New customer registered 
2018-03-11 23:22:50 INFO  ConnectionUtil:30 - DataBase Connection successfully
2018-03-11 23:22:50 INFO  Controller:22 - Enter you first name
2018-03-11 23:22:52 INFO  Controller:24 - Enter you last name
2018-03-11 23:22:53 INFO  Controller:26 - Login or LogOut
2018-03-11 23:22:55 INFO  Controller:30 - login succefully
2018-03-11 23:22:55 INFO  Controller:37 - 
	What operation you want to perform:
	Viewbalance
	DepositOrWithdraw
	Register
	ViewAllTransaction
	LogOut
2018-03-11 23:22:58 INFO  Controller:124 - Enter Your firstName
2018-03-11 23:24:34 INFO  Controller:126 - Enter Your LastName
2018-03-11 23:24:39 INFO  Controller:128 - GENDER
2018-03-11 23:24:42 INFO  Controller:130 - Date Of Birth
2018-03-11 23:24:58 INFO  Controller:132 - How much do you want to put in your account
2018-03-11 23:25:01 ERROR BankCustomerDao:105 - registration fails java.sql.SQLSyntaxErrorException: ORA-00942: table or view does not exist

2018-03-11 23:30:10 INFO  Controller:124 - Enter Your firstName
2018-03-11 23:30:16 INFO  Controller:126 - Enter Your LastName
2018-03-11 23:30:19 INFO  Controller:128 - GENDER
2018-03-11 23:30:21 INFO  Controller:130 - Date Of Birth
2018-03-11 23:30:27 INFO  Controller:132 - How much do you want to put in your account
2018-03-11 23:30:30 ERROR BankCustomerDao:105 - registration fails java.sql.SQLSyntaxErrorException: ORA-00942: table or view does not exist

2018-03-11 23:30:42 INFO  ConnectionUtil:30 - DataBase Connection successfully
2018-03-11 23:30:42 INFO  Controller:22 - Enter you first name
2018-03-11 23:30:46 INFO  Controller:24 - Enter you last name
2018-03-11 23:30:47 INFO  Controller:26 - Login or LogOut
2018-03-11 23:30:49 INFO  Controller:30 - login succefully
2018-03-11 23:30:49 INFO  Controller:37 - 
	What operation you want to perform:
	Viewbalance
	DepositOrWithdraw
	Register
	ViewAllTransaction
	LogOut
2018-03-11 23:30:53 INFO  Controller:124 - Enter Your firstName
2018-03-11 23:30:58 INFO  Controller:126 - Enter Your LastName
2018-03-11 23:31:01 INFO  Controller:128 - GENDER
2018-03-11 23:31:02 INFO  Controller:130 - Date Of Birth
2018-03-11 23:31:10 INFO  Controller:132 - How much do you want to put in your account
2018-03-11 23:31:13 ERROR BankCustomerDao:105 - registration fails java.sql.SQLSyntaxErrorException: ORA-00984: column not allowed here

2018-03-11 23:39:00 INFO  ConnectionUtil:30 - DataBase Connection successfully
2018-03-11 23:39:00 INFO  Controller:22 - Enter you first name
2018-03-11 23:39:02 INFO  Controller:24 - Enter you last name
2018-03-11 23:39:12 INFO  ConnectionUtil:30 - DataBase Connection successfully
2018-03-11 23:39:12 INFO  Controller:22 - Enter you first name
2018-03-11 23:39:14 INFO  Controller:24 - Enter you last name
2018-03-11 23:39:17 INFO  Controller:26 - Login or LogOut
2018-03-11 23:39:18 INFO  Controller:30 - login succefully
2018-03-11 23:39:18 INFO  Controller:37 - 
	What operation you want to perform:
	Viewbalance
	DepositOrWithdraw
	Register
	ViewAllTransaction
	LogOut
2018-03-11 23:39:21 INFO  Controller:124 - Enter Your firstName
2018-03-11 23:39:29 INFO  Controller:126 - Enter Your LastName
2018-03-11 23:39:32 INFO  Controller:128 - GENDER
2018-03-11 23:39:34 INFO  Controller:130 - Date Of Birth
2018-03-11 23:39:42 INFO  Controller:132 - How much do you want to put in your account
2018-03-11 23:39:46 ERROR BankCustomerDao:105 - registration fails java.sql.SQLSyntaxErrorException: ORA-00947: not enough values

2018-03-11 23:53:54 INFO  ConnectionUtil:30 - DataBase Connection successfully
2018-03-11 23:53:54 INFO  Controller:22 - Enter you first name
2018-03-11 23:53:56 INFO  Controller:24 - Enter you last name
2018-03-11 23:53:57 INFO  Controller:26 - Login or LogOut
2018-03-11 23:53:59 INFO  Controller:30 - login succefully
2018-03-11 23:53:59 INFO  Controller:37 - 
	What operation you want to perform:
	Viewbalance
	DepositOrWithdraw
	Register
	ViewAllTransaction
	LogOut
2018-03-11 23:54:03 INFO  Controller:124 - Enter Your firstName
2018-03-11 23:54:05 INFO  Controller:126 - Enter Your LastName
2018-03-11 23:54:08 INFO  Controller:128 - GENDER
2018-03-11 23:54:16 INFO  ConnectionUtil:30 - DataBase Connection successfully
2018-03-11 23:54:16 INFO  Controller:22 - Enter you first name
2018-03-11 23:54:18 INFO  Controller:24 - Enter you last name
2018-03-11 23:54:24 INFO  ConnectionUtil:30 - DataBase Connection successfully
2018-03-11 23:54:24 INFO  Controller:22 - Enter you first name
2018-03-11 23:54:26 INFO  Controller:24 - Enter you last name
2018-03-11 23:54:27 INFO  Controller:26 - Login or LogOut
2018-03-11 23:54:30 INFO  Controller:30 - login succefully
2018-03-11 23:54:30 INFO  Controller:37 - 
	What operation you want to perform:
	Viewbalance
	DepositOrWithdraw
	Register
	ViewAllTransaction
	LogOut
2018-03-11 23:54:33 INFO  Controller:124 - Enter Your firstName
2018-03-11 23:54:38 INFO  Controller:126 - Enter Your LastName
2018-03-11 23:54:40 INFO  Controller:128 - GENDER
2018-03-11 23:54:42 INFO  Controller:130 - Date Of Birth
2018-03-11 23:54:50 INFO  Controller:132 - How much do you want to put in your account
2018-03-11 23:54:52 INFO  BankCustomerDao:101 - New customer registered 
2018-03-12 10:49:43 INFO  ConnectionUtil:30 - DataBase Connection successfully
2018-03-12 10:49:43 INFO  Controller:22 - Enter you first name
2018-03-12 11:03:49 INFO  ConnectionUtil:30 - DataBase Connection successfully
2018-03-12 11:06:52 INFO  ConnectionUtil:30 - DataBase Connection successfully
2018-03-12 11:09:52 INFO  ConnectionUtil:30 - DataBase Connection successfully
2018-03-12 11:10:10 INFO  ConnectionUtil:30 - DataBase Connection successfully
2018-03-12 11:10:59 INFO  ConnectionUtil:30 - DataBase Connection successfully
2018-03-12 11:23:48 INFO  ConnectionUtil:30 - DataBase Connection successfully
2018-03-12 11:26:01 INFO  ConnectionUtil:30 - DataBase Connection successfully
2018-03-12 11:30:39 INFO  ConnectionUtil:30 - DataBase Connection successfully
2018-03-12 11:32:40 INFO  ConnectionUtil:30 - DataBase Connection successfully
2018-03-12 11:36:45 INFO  ConnectionUtil:30 - DataBase Connection successfully
2018-03-12 11:36:52 INFO  ConnectionUtil:30 - DataBase Connection successfully
2018-03-12 11:38:54 INFO  ConnectionUtil:30 - DataBase Connection successfully
2018-03-12 11:41:58 INFO  ConnectionUtil:30 - DataBase Connection successfully
2018-03-12 11:42:15 INFO  ConnectionUtil:30 - DataBase Connection successfully
